<?xml version="1.0" encoding="UTF-8"?>
<!-- Generated by org.testng.reporters.JUnitXMLReporter -->
<testsuite ignored="0" hostname="SumithAmin" failures="0" tests="6" name="Sample" time="0.084" errors="0" timestamp="2024-05-02T16:01:21 IST">
  <testcase classname="sumith.com.Sample" name="a" time="0.011"/>
  <testcase classname="sumith.com.Sample" name="A" time="0.001"/>
  <testcase classname="sumith.com.Sample" name="Abc" time="0.001"/>
  <testcase classname="sumith.com.Sample2" name="a1" time="0.002"/>
  <testcase classname="sumith.com.Sample2" name="A2" time="0.001"/>
  <testcase classname="sumith.com.Sample2" name="Abc3" time="0.0"/>
</testsuite> <!-- Sample -->
