<?xml version="1.0" encoding="UTF-8"?>
<testng-results ignored="0" total="3" passed="3" failed="0" skipped="0">
  <reporter-output>
  </reporter-output>
  <suite started-at="2024-07-30T12:05:51 IST" name="Default suite" finished-at="2024-07-30T12:05:51 IST" duration-ms="50">
    <groups>
    </groups>
    <test started-at="2024-07-30T12:05:51 IST" name="Default test" finished-at="2024-07-30T12:05:51 IST" duration-ms="50">
      <class name="sumith.com.Sample2">
        <test-method signature="a1()[pri:4, instance:sumith.com.Sample2@3b6ddd1d]" started-at="2024-07-30T12:05:51 IST" name="a1" finished-at="2024-07-30T12:05:51 IST" duration-ms="7" status="PASS">
          <reporter-output>
          </reporter-output>
        </test-method> <!-- a1 -->
        <test-method signature="A2()[pri:5, instance:sumith.com.Sample2@3b6ddd1d]" started-at="2024-07-30T12:05:51 IST" name="A2" finished-at="2024-07-30T12:05:51 IST" duration-ms="1" status="PASS">
          <reporter-output>
          </reporter-output>
        </test-method> <!-- A2 -->
        <test-method signature="Abc3()[pri:6, instance:sumith.com.Sample2@3b6ddd1d]" started-at="2024-07-30T12:05:51 IST" name="Abc3" finished-at="2024-07-30T12:05:51 IST" duration-ms="2" status="PASS">
          <reporter-output>
          </reporter-output>
        </test-method> <!-- Abc3 -->
      </class> <!-- sumith.com.Sample2 -->
    </test> <!-- Default test -->
  </suite> <!-- Default suite -->
</testng-results>
